<?xml version="1.0" encoding="UTF-8"?>
<robot generator="Robot 6.0.1 (Python 3.8.8 on linux)" generated="20221212 23:42:09.591" rpa="false" schemaversion="3">
<suite id="s1" name="AgregarVacante" source="/media/fedebelve/storage/projects/rpa/test/UI/AgregarVacante.robot">
<kw name="Setup Navegador" library="Configuraciones" type="SETUP">
<kw name="Set Selenium Speed" library="SeleniumLibrary">
<arg>0.10</arg>
<doc>Sets the delay that is waited after each Selenium command.</doc>
<status status="PASS" starttime="20221212 23:42:09.682" endtime="20221212 23:42:09.682"/>
</kw>
<kw name="Abrir Navegador" library="FrameworkProxy">
<arg>${gWebUrl}</arg>
<arg>${gBrowser}</arg>
<kw name="Run Keyword If" library="BuiltIn">
<arg>'${aBrowser}' != 'Edge'</arg>
<arg>Open Browser</arg>
<arg>${aURL}</arg>
<arg>${aBrowser}</arg>
<doc>Runs the given keyword with the given arguments, if ``condition`` is true.</doc>
<kw name="Open Browser" library="SeleniumLibrary">
<arg>${aURL}</arg>
<arg>${aBrowser}</arg>
<doc>Opens a new browser instance to the optional ``url``.</doc>
<msg timestamp="20221212 23:42:09.683" level="INFO">Opening browser 'Chrome' to base url 'https://opensource-demo.orangehrmlive.com/'.</msg>
<status status="PASS" starttime="20221212 23:42:09.683" endtime="20221212 23:42:14.538"/>
</kw>
<status status="PASS" starttime="20221212 23:42:09.682" endtime="20221212 23:42:14.538"/>
</kw>
<kw name="Run Keyword If" library="BuiltIn">
<arg>'${aBrowser}' == 'Edge'</arg>
<arg>Open Browser</arg>
<arg>${aURL}</arg>
<arg>${aBrowser}</arg>
<doc>Runs the given keyword with the given arguments, if ``condition`` is true.</doc>
<status status="PASS" starttime="20221212 23:42:14.538" endtime="20221212 23:42:14.539"/>
</kw>
<status status="PASS" starttime="20221212 23:42:09.682" endtime="20221212 23:42:14.539"/>
</kw>
<status status="PASS" starttime="20221212 23:42:09.682" endtime="20221212 23:42:14.539"/>
</kw>
<test id="s1-t1" name="Agregar Nueva Vacante de Trabajo" line="23">
<kw name="Usuario @{Admin} se autentica correctamente" library="LoginTask">
<kw name="Ingresar Credenciales" library="LoginActions">
<arg>@{Admin}</arg>
<kw name="Ingresar Texto" library="FrameworkProxy">
<arg>${txtUserName}</arg>
<arg>${Admin}[0]</arg>
<kw name="Wait Until Element Is Enabled" library="SeleniumLibrary">
<arg>${aElement}</arg>
<arg>timeout=10</arg>
<doc>Waits until the element ``locator`` is enabled.</doc>
<status status="PASS" starttime="20221212 23:42:14.541" endtime="20221212 23:42:15.169"/>
</kw>
<kw name="Wait Until Element Is Visible" library="SeleniumLibrary">
<arg>${aElement}</arg>
<arg>timeout=10</arg>
<doc>Waits until the element ``locator`` is visible.</doc>
<status status="PASS" starttime="20221212 23:42:15.169" endtime="20221212 23:42:15.381"/>
</kw>
<kw name="Set Focus To Element" library="SeleniumLibrary">
<arg>${aElement}</arg>
<doc>Sets the focus to the element identified by ``locator``.</doc>
<status status="PASS" starttime="20221212 23:42:15.381" endtime="20221212 23:42:15.589"/>
</kw>
<kw name="Input Text" library="SeleniumLibrary">
<arg>${aElement}</arg>
<arg>${aText}</arg>
<doc>Types the given ``text`` into the text field identified by ``locator``.</doc>
<msg timestamp="20221212 23:42:15.590" level="INFO">Typing text 'Admin' into text field 'name:username'.</msg>
<status status="PASS" starttime="20221212 23:42:15.589" endtime="20221212 23:42:15.929"/>
</kw>
<status status="PASS" starttime="20221212 23:42:14.540" endtime="20221212 23:42:15.929"/>
</kw>
<kw name="Ingresar Texto" library="FrameworkProxy">
<arg>${txtPassword}</arg>
<arg>${Admin}[1]</arg>
<kw name="Wait Until Element Is Enabled" library="SeleniumLibrary">
<arg>${aElement}</arg>
<arg>timeout=10</arg>
<doc>Waits until the element ``locator`` is enabled.</doc>
<status status="PASS" starttime="20221212 23:42:15.930" endtime="20221212 23:42:16.252"/>
</kw>
<kw name="Wait Until Element Is Visible" library="SeleniumLibrary">
<arg>${aElement}</arg>
<arg>timeout=10</arg>
<doc>Waits until the element ``locator`` is visible.</doc>
<status status="PASS" starttime="20221212 23:42:16.252" endtime="20221212 23:42:16.466"/>
</kw>
<kw name="Set Focus To Element" library="SeleniumLibrary">
<arg>${aElement}</arg>
<doc>Sets the focus to the element identified by ``locator``.</doc>
<status status="PASS" starttime="20221212 23:42:16.466" endtime="20221212 23:42:16.677"/>
</kw>
<kw name="Input Text" library="SeleniumLibrary">
<arg>${aElement}</arg>
<arg>${aText}</arg>
<doc>Types the given ``text`` into the text field identified by ``locator``.</doc>
<msg timestamp="20221212 23:42:16.678" level="INFO">Typing text 'admin123' into text field 'name:password'.</msg>
<status status="PASS" starttime="20221212 23:42:16.677" endtime="20221212 23:42:17.015"/>
</kw>
<status status="PASS" starttime="20221212 23:42:15.929" endtime="20221212 23:42:17.015"/>
</kw>
<status status="PASS" starttime="20221212 23:42:14.540" endtime="20221212 23:42:17.015"/>
</kw>
<kw name="Presionar Ingresar" library="LoginActions">
<kw name="Presionar Boton" library="FrameworkProxy">
<arg>${btnIngresar}</arg>
<kw name="Wait Until Element Is Enabled" library="SeleniumLibrary">
<arg>${aElement}</arg>
<arg>timeout=10</arg>
<doc>Waits until the element ``locator`` is enabled.</doc>
<status status="PASS" starttime="20221212 23:42:17.016" endtime="20221212 23:42:17.334"/>
</kw>
<kw name="Wait Until Element Is Visible" library="SeleniumLibrary">
<arg>${aElement}</arg>
<arg>timeout=10</arg>
<doc>Waits until the element ``locator`` is visible.</doc>
<status status="PASS" starttime="20221212 23:42:17.334" endtime="20221212 23:42:17.546"/>
</kw>
<kw name="Set Focus To Element" library="SeleniumLibrary">
<arg>${aElement}</arg>
<doc>Sets the focus to the element identified by ``locator``.</doc>
<status status="PASS" starttime="20221212 23:42:17.547" endtime="20221212 23:42:17.757"/>
</kw>
<kw name="Click Button" library="SeleniumLibrary">
<arg>${aElement}</arg>
<doc>Clicks the button identified by ``locator``.</doc>
<msg timestamp="20221212 23:42:17.757" level="INFO">Clicking button 'xpath://*[@id="app"]/div[1]/div/div[1]/div/div[2]/div[2]/form/div[3]/button'.</msg>
<status status="PASS" starttime="20221212 23:42:17.757" endtime="20221212 23:42:18.292"/>
</kw>
<status status="PASS" starttime="20221212 23:42:17.015" endtime="20221212 23:42:18.292"/>
</kw>
<status status="PASS" starttime="20221212 23:42:17.015" endtime="20221212 23:42:18.292"/>
</kw>
<status status="PASS" starttime="20221212 23:42:14.540" endtime="20221212 23:42:18.292"/>
</kw>
<kw name="Sleep" library="BuiltIn">
<arg>5s</arg>
<doc>Pauses the test executed for the given time.</doc>
<msg timestamp="20221212 23:42:23.293" level="INFO">Slept 5 seconds</msg>
<status status="PASS" starttime="20221212 23:42:18.293" endtime="20221212 23:42:23.293"/>
</kw>
<kw name="*** Agregar la vacante ${JobTitle} de trabajo con los datos: ${Name}, ${Manager}, ${Number}, ${Description}, ${Active} ***">
<msg timestamp="20221212 23:42:23.296" level="FAIL">No keyword with name '*** Agregar la vacante ${JobTitle} de trabajo con los datos: ${Name}, ${Manager}, ${Number}, ${Description}, ${Active} ***' found.</msg>
<status status="FAIL" starttime="20221212 23:42:23.296" endtime="20221212 23:42:23.296"/>
</kw>
<kw name="*** Se muestra el mensaje de vacante creada correctamente ***">
<status status="NOT RUN" starttime="20221212 23:42:23.298" endtime="20221212 23:42:23.298"/>
</kw>
<kw name="*** tengo 2 tareas que tengo que programar y la última, una question***">
<status status="NOT RUN" starttime="20221212 23:42:23.301" endtime="20221212 23:42:23.301"/>
</kw>
<status status="FAIL" starttime="20221212 23:42:14.539" endtime="20221212 23:42:23.301">No keyword with name '*** Agregar la vacante ${JobTitle} de trabajo con los datos: ${Name}, ${Manager}, ${Number}, ${Description}, ${Active} ***' found.</status>
</test>
<kw name="Close Browser" library="SeleniumLibrary" type="TEARDOWN">
<doc>Closes the current browser.</doc>
<status status="PASS" starttime="20221212 23:42:23.302" endtime="20221212 23:42:23.457"/>
</kw>
<status status="FAIL" starttime="20221212 23:42:09.592" endtime="20221212 23:42:23.457"/>
</suite>
<statistics>
<total>
<stat pass="0" fail="1" skip="0">All Tests</stat>
</total>
<tag>
</tag>
<suite>
<stat pass="0" fail="1" skip="0" id="s1" name="AgregarVacante">AgregarVacante</stat>
</suite>
</statistics>
<errors>
<msg timestamp="20221212 23:42:09.680" level="WARN">Imported resource file '/media/fedebelve/storage/projects/rpa/src/tasks/VacancieAddTask.robot' is empty.</msg>
<msg timestamp="20221212 23:42:09.681" level="WARN">Imported resource file '/media/fedebelve/storage/projects/rpa/src/tasks/VacancieAddQuestions.robot' is empty.</msg>
</errors>
</robot>
